2008-11-01 11:11:39 startup packages remove
2008-11-01 11:11:39 status installed sun-java5-bin 1.5.0-16-3
2008-11-01 11:11:39 status installed sun-java5-jre 1.5.0-16-3
2008-11-01 11:11:39 status installed sun-java5-bin 1.5.0-16-3
2008-11-01 11:11:39 status installed sun-java5-jre 1.5.0-16-3
2008-11-01 11:11:39 status installed sun-java5-bin 1.5.0-16-3
2008-11-01 11:11:39 status installed sun-java5-jre 1.5.0-16-3
2008-11-01 11:11:39 status installed sun-java5-bin 1.5.0-16-3
2008-11-01 11:11:39 status installed sun-java5-jre 1.5.0-16-3
2008-11-01 11:11:39 status installed sun-java5-bin 1.5.0-16-3
2008-11-01 11:11:39 status installed sun-java5-jre 1.5.0-16-3
2008-11-01 11:11:39 status installed sun-java5-bin 1.5.0-16-3
2008-11-01 11:11:39 status installed sun-java5-jre 1.5.0-16-3
2008-11-01 11:11:39 status installed sun-java5-bin 1.5.0-16-3
2008-11-01 11:11:43 remove sun-java5-bin 1.5.0-16-3 1.5.0-16-3
2008-11-01 11:11:43 status half-configured sun-java5-bin 1.5.0-16-3
2008-11-01 11:11:44 status half-installed sun-java5-bin 1.5.0-16-3
2008-11-01 11:11:45 status triggers-pending menu 2.1.40
2008-11-01 11:11:45 status half-installed sun-java5-bin 1.5.0-16-3
2008-11-01 11:11:48 status triggers-awaited menu 2.1.40
2008-11-01 11:11:51 status config-files sun-java5-bin 1.5.0-16-3
2008-11-01 11:11:51 status config-files sun-java5-bin 1.5.0-16-3
2008-11-01 11:11:52 status installed sun-java5-jre 1.5.0-16-3
2008-11-01 11:11:54 remove sun-java5-jre 1.5.0-16-3 1.5.0-16-3
2008-11-01 11:11:54 status half-configured sun-java5-jre 1.5.0-16-3
2008-11-01 11:11:57 status half-installed sun-java5-jre 1.5.0-16-3
2008-11-01 11:12:02 status config-files sun-java5-jre 1.5.0-16-3
2008-11-01 11:12:03 status config-files sun-java5-jre 1.5.0-16-3
2008-11-01 11:12:03 trigproc menu 2.1.40 2.1.40
2008-11-01 11:12:03 status half-configured menu 2.1.40
2008-11-01 11:12:04 status installed menu 2.1.40
2008-11-01 11:12:25 startup packages purge
2008-11-01 11:12:25 status config-files sun-java5-bin 1.5.0-16-3
2008-11-01 11:12:25 remove sun-java5-bin 1.5.0-16-3 1.5.0-16-3
2008-11-01 11:12:25 purge sun-java5-bin 1.5.0-16-3 1.5.0-16-3
2008-11-01 11:12:25 status config-files sun-java5-bin 1.5.0-16-3
2008-11-01 11:12:25 status config-files sun-java5-bin 1.5.0-16-3
2008-11-01 11:12:25 status config-files sun-java5-bin 1.5.0-16-3
2008-11-01 11:12:25 status triggers-pending menu 2.1.40
2008-11-01 11:12:25 status triggers-awaited menu 2.1.40
2008-11-01 11:12:25 status config-files sun-java5-bin 1.5.0-16-3
2008-11-01 11:12:25 status config-files sun-java5-bin 1.5.0-16-3
2008-11-01 11:12:25 status not-installed sun-java5-bin <none>
2008-11-01 11:12:25 trigproc menu 2.1.40 2.1.40
2008-11-01 11:12:25 status half-configured menu 2.1.40
2008-11-01 11:12:26 status installed menu 2.1.40
2008-11-01 11:12:26 startup packages purge
2008-11-01 11:12:26 status config-files sun-java5-jre 1.5.0-16-3
2008-11-01 11:12:26 remove sun-java5-jre 1.5.0-16-3 1.5.0-16-3
2008-11-01 11:12:26 purge sun-java5-jre 1.5.0-16-3 1.5.0-16-3
2008-11-01 11:12:26 status config-files sun-java5-jre 1.5.0-16-3
2008-11-01 11:12:26 status config-files sun-java5-jre 1.5.0-16-3
2008-11-01 11:12:26 status config-files sun-java5-jre 1.5.0-16-3
2008-11-01 11:12:29 status config-files sun-java5-jre 1.5.0-16-3
2008-11-01 11:12:29 status config-files sun-java5-jre 1.5.0-16-3
2008-11-01 11:12:29 status not-installed sun-java5-jre <none>
2009-01-30 12:07:20 startup archives install
2009-01-30 12:07:23 upgrade blender 2.46 2.48a
2009-01-30 12:07:23 status half-configured blender 2.46
2009-01-30 12:07:23 status unpacked blender 2.46
2009-01-30 12:07:24 status half-installed blender 2.46
2009-01-30 12:07:24 status half-installed blender 2.46
2009-01-30 12:07:25 status unpacked blender 2.48a
2009-01-30 12:07:25 status unpacked blender 2.48a
2009-01-30 12:07:25 configure blender 2.48a 2.48a
2009-01-30 12:07:25 status unpacked blender 2.48a
2009-01-30 12:07:26 status half-configured blender 2.48a
2009-01-30 12:07:26 status installed blender 2.48a
2009-01-30 12:07:49 startup archives install
2009-01-30 12:07:49 install gimp-painter <none> 2.6.4
2009-01-30 12:07:49 status half-installed gimp-painter 2.6.4
2009-01-30 12:07:54 status triggers-pending man-db 2.5.2-2
2009-01-30 12:07:54 status half-installed gimp-painter 2.6.4
2009-01-30 12:07:58 status unpacked gimp-painter 2.6.4
2009-01-30 12:08:00 status unpacked gimp-painter 2.6.4
2009-01-30 12:08:00 trigproc man-db 2.5.2-2 2.5.2-2
2009-01-30 12:08:00 status half-configured man-db 2.5.2-2
2009-01-30 12:08:02 status installed man-db 2.5.2-2
2009-01-30 12:08:16 startup packages remove
2009-01-30 12:08:16 status unpacked gimp-painter 2.6.4
2009-01-30 12:08:16 remove gimp-painter 2.6.4 2.6.4
2009-01-30 12:08:16 status half-installed gimp-painter 2.6.4
2009-01-30 12:08:17 status triggers-pending man-db 2.5.2-2
2009-01-30 12:08:17 status half-installed gimp-painter 2.6.4
2009-01-30 12:08:19 status config-files gimp-painter 2.6.4
2009-01-30 12:08:19 status config-files gimp-painter 2.6.4
2009-01-30 12:08:19 status config-files gimp-painter 2.6.4
2009-01-30 12:08:19 status config-files gimp-painter 2.6.4
2009-01-30 12:08:19 status config-files gimp-painter 2.6.4
2009-01-30 12:08:19 status not-installed gimp-painter <none>
2009-01-30 12:08:20 trigproc man-db 2.5.2-2 2.5.2-2
2009-01-30 12:08:20 status half-configured man-db 2.5.2-2
2009-01-30 12:08:20 status installed man-db 2.5.2-2
2009-01-30 12:08:29 startup archives install
2009-01-30 12:08:29 install libbabl-dev <none> 0.0.22
2009-01-30 12:08:29 status half-installed libbabl-dev 0.0.22
2009-01-30 12:08:29 status unpacked libbabl-dev 0.0.22
2009-01-30 12:08:29 status unpacked libbabl-dev 0.0.22
2009-01-30 12:11:51 startup archives install
2009-01-30 12:11:51 upgrade libbabl-dev 0.0.22 0.0.22
2009-01-30 12:11:51 status half-installed libbabl-dev 0.0.22
2009-01-30 12:11:51 status half-installed libbabl-dev 0.0.22
2009-01-30 12:11:51 status unpacked libbabl-dev 0.0.22
2009-01-30 12:11:51 status unpacked libbabl-dev 0.0.22
2009-01-30 12:11:51 configure libbabl-dev 0.0.22 0.0.22
2009-01-30 12:11:51 status unpacked libbabl-dev 0.0.22
2009-01-30 12:11:51 status half-configured libbabl-dev 0.0.22
2009-01-30 12:11:51 status installed libbabl-dev 0.0.22
2009-01-30 12:12:03 startup archives install
2009-01-30 12:12:03 install libgegl-dev <none> 0.0.22
2009-01-30 12:12:03 status half-installed libgegl-dev 0.0.22
2009-01-30 12:12:04 status unpacked libgegl-dev 0.0.22
2009-01-30 12:12:04 status unpacked libgegl-dev 0.0.22
2009-01-30 12:12:04 configure libgegl-dev 0.0.22 0.0.22
2009-01-30 12:12:04 status unpacked libgegl-dev 0.0.22
2009-01-30 12:12:04 status half-configured libgegl-dev 0.0.22
2009-01-30 12:12:04 status installed libgegl-dev 0.0.22
2009-01-30 12:12:31 startup archives install
2009-01-30 12:12:31 install gimp-painter <none> 2.6.4
2009-01-30 12:12:31 status half-installed gimp-painter 2.6.4
2009-01-30 12:12:35 status triggers-pending man-db 2.5.2-2
2009-01-30 12:12:36 status half-installed gimp-painter 2.6.4
2009-01-30 12:12:37 status unpacked gimp-painter 2.6.4
2009-01-30 12:12:37 status unpacked gimp-painter 2.6.4
2009-01-30 12:12:37 configure gimp-painter 2.6.4 2.6.4
2009-01-30 12:12:37 status unpacked gimp-painter 2.6.4
2009-01-30 12:12:38 status half-configured gimp-painter 2.6.4
2009-01-30 12:12:38 status triggers-awaited gimp-painter 2.6.4
2009-01-30 12:12:38 trigproc man-db 2.5.2-2 2.5.2-2
2009-01-30 12:12:38 status half-configured man-db 2.5.2-2
2009-01-30 12:12:38 status installed gimp-painter 2.6.4
2009-01-30 12:12:38 status installed man-db 2.5.2-2
2009-01-30 12:13:19 startup archives install
2009-01-30 12:13:20 install libanimorph <none> 0.3
2009-01-30 12:13:20 status half-installed libanimorph 0.3
2009-01-30 12:13:20 status unpacked libanimorph 0.3
2009-01-30 12:13:20 status unpacked libanimorph 0.3
2009-01-30 12:13:20 configure libanimorph 0.3 0.3
2009-01-30 12:13:20 status unpacked libanimorph 0.3
2009-01-30 12:13:20 status half-configured libanimorph 0.3
2009-01-30 12:13:20 status installed libanimorph 0.3
2009-01-30 12:13:47 startup archives install
2009-01-30 12:13:47 install libmhgui <none> 0.2
2009-01-30 12:13:47 status half-installed libmhgui 0.2
2009-01-30 12:13:47 status unpacked libmhgui 0.2
2009-01-30 12:13:47 status unpacked libmhgui 0.2
2009-01-30 12:13:47 configure libmhgui 0.2 0.2
2009-01-30 12:13:47 status unpacked libmhgui 0.2
2009-01-30 12:13:48 status half-configured libmhgui 0.2
2009-01-30 12:13:48 status installed libmhgui 0.2
2009-01-30 12:14:29 startup archives install
2009-01-30 12:14:30 install handbrake <none> 0.9.3
2009-01-30 12:14:30 status half-installed handbrake 0.9.3
2009-01-30 12:14:30 status unpacked handbrake 0.9.3
2009-01-30 12:14:30 status unpacked handbrake 0.9.3
2009-01-30 12:16:25 startup packages remove
2009-01-30 12:16:25 status unpacked handbrake 0.9.3
2009-01-30 12:16:25 remove handbrake 0.9.3 0.9.3
2009-01-30 12:16:25 status half-installed handbrake 0.9.3
2009-01-30 12:16:25 status config-files handbrake 0.9.3
2009-01-30 12:16:25 status config-files handbrake 0.9.3
2009-01-30 12:16:25 status config-files handbrake 0.9.3
2009-01-30 12:16:25 status not-installed handbrake <none>
2009-01-30 12:18:00 startup archives install
2009-01-30 12:18:00 install makehuman <none> 0.9.1-rc1a
2009-01-30 12:18:00 status half-installed makehuman 0.9.1-rc1a
2009-01-30 12:18:08 status unpacked makehuman 0.9.1-rc1a
2009-01-30 12:18:08 status unpacked makehuman 0.9.1-rc1a
2009-01-30 12:18:08 configure makehuman 0.9.1-rc1a 0.9.1-rc1a
2009-01-30 12:18:08 status unpacked makehuman 0.9.1-rc1a
2009-01-30 12:18:08 status half-configured makehuman 0.9.1-rc1a
2009-01-30 12:18:08 status installed makehuman 0.9.1-rc1a
2009-02-09 06:25:24 startup archives unpack
2009-02-09 06:25:28 install xfce4-battery-plugin <none> 0.5.0-7
2009-02-09 06:25:28 status half-installed xfce4-battery-plugin 0.5.0-7
2009-02-09 06:25:28 status unpacked xfce4-battery-plugin 0.5.0-7
2009-02-09 06:25:28 status unpacked xfce4-battery-plugin 0.5.0-7
2009-02-09 06:25:28 startup packages configure
2009-02-09 06:25:28 configure xfce4-battery-plugin 0.5.0-7 0.5.0-7
2009-02-09 06:25:28 status unpacked xfce4-battery-plugin 0.5.0-7
2009-02-09 06:25:28 status half-configured xfce4-battery-plugin 0.5.0-7
2009-02-09 06:25:28 status installed xfce4-battery-plugin 0.5.0-7
2009-02-09 11:39:48 startup archives install
2009-02-09 11:39:48 upgrade gimp-painter 2.6.4 2.6.4
2009-02-09 11:39:48 status half-configured gimp-painter 2.6.4
2009-02-09 11:39:48 status unpacked gimp-painter 2.6.4
2009-02-09 11:39:48 status half-installed gimp-painter 2.6.4
2009-02-09 11:39:48 status half-installed gimp-painter 2.6.4
2009-02-09 11:39:50 status triggers-pending man-db 2.5.2-2
2009-02-09 11:39:50 status half-installed gimp-painter 2.6.4
2009-02-09 11:39:53 status unpacked gimp-painter 2.6.4
2009-02-09 11:39:53 status unpacked gimp-painter 2.6.4
2009-02-09 11:39:53 trigproc man-db 2.5.2-2 2.5.2-2
2009-02-09 11:39:53 status half-configured man-db 2.5.2-2
2009-02-09 11:39:53 status installed man-db 2.5.2-2
2009-02-09 11:40:40 startup packages remove
2009-02-09 11:40:44 startup packages remove
2009-02-09 11:40:44 status unpacked gimp-painter 2.6.4
2009-02-09 11:40:44 remove gimp-painter 2.6.4 2.6.4
2009-02-09 11:40:44 status half-installed gimp-painter 2.6.4
2009-02-09 11:40:44 status config-files gimp-painter 2.6.4
2009-02-09 11:40:44 status config-files gimp-painter 2.6.4
2009-02-09 11:40:44 status config-files gimp-painter 2.6.4
2009-02-09 11:40:44 status not-installed gimp-painter <none>
2009-02-09 11:40:58 startup packages remove
2009-02-09 11:40:58 status installed libgegl-dev 0.0.22
2009-02-09 11:40:58 remove libgegl-dev 0.0.22 0.0.22
2009-02-09 11:40:58 status half-configured libgegl-dev 0.0.22
2009-02-09 11:40:58 status half-installed libgegl-dev 0.0.22
2009-02-09 11:40:59 status config-files libgegl-dev 0.0.22
2009-02-09 11:40:59 status config-files libgegl-dev 0.0.22
2009-02-09 11:40:59 status config-files libgegl-dev 0.0.22
2009-02-09 11:40:59 status not-installed libgegl-dev <none>
2009-02-09 11:41:09 startup packages remove
2009-02-09 11:41:09 status installed libbabl-dev 0.0.22
2009-02-09 11:41:09 remove libbabl-dev 0.0.22 0.0.22
2009-02-09 11:41:09 status half-configured libbabl-dev 0.0.22
2009-02-09 11:41:09 status half-installed libbabl-dev 0.0.22
2009-02-09 11:41:09 status config-files libbabl-dev 0.0.22
2009-02-09 11:41:09 status config-files libbabl-dev 0.0.22
2009-02-09 11:41:09 status config-files libbabl-dev 0.0.22
2009-02-09 11:41:09 status not-installed libbabl-dev <none>
2009-02-09 12:05:43 startup archives install
2009-02-09 12:05:43 install libbabl <none> 0.0.22
2009-02-09 12:05:43 status half-installed libbabl 0.0.22
2009-02-09 12:05:43 status unpacked libbabl 0.0.22
2009-02-09 12:05:44 status unpacked libbabl 0.0.22
2009-02-09 12:05:44 configure libbabl 0.0.22 0.0.22
2009-02-09 12:05:44 status unpacked libbabl 0.0.22
2009-02-09 12:05:44 status half-configured libbabl 0.0.22
2009-02-09 12:05:44 status installed libbabl 0.0.22
2009-02-09 12:05:59 startup archives install
2009-02-09 12:05:59 install libgegl <none> 0.0.22
2009-02-09 12:05:59 status half-installed libgegl 0.0.22
2009-02-09 12:05:59 status unpacked libgegl 0.0.22
2009-02-09 12:05:59 status unpacked libgegl 0.0.22
2009-02-09 12:05:59 configure libgegl 0.0.22 0.0.22
2009-02-09 12:05:59 status unpacked libgegl 0.0.22
2009-02-09 12:05:59 status half-configured libgegl 0.0.22
2009-02-09 12:05:59 status installed libgegl 0.0.22
2009-02-09 12:06:18 startup archives install
2009-02-09 12:06:18 install gimp-painter <none> 2.6.4
2009-02-09 12:06:18 status half-installed gimp-painter 2.6.4
2009-02-09 12:06:19 status unpacked gimp-painter 2.6.4
2009-02-09 12:06:19 status unpacked gimp-painter 2.6.4
2009-02-09 12:06:32 startup packages remove
2009-02-09 12:06:36 startup packages remove
2009-02-09 12:06:36 status unpacked gimp-painter 2.6.4
2009-02-09 12:06:36 remove gimp-painter 2.6.4 2.6.4
2009-02-09 12:06:36 status half-installed gimp-painter 2.6.4
2009-02-09 12:06:37 status config-files gimp-painter 2.6.4
2009-02-09 12:06:37 status config-files gimp-painter 2.6.4
2009-02-09 12:06:37 status config-files gimp-painter 2.6.4
2009-02-09 12:06:37 status not-installed gimp-painter <none>
2009-02-09 12:06:55 startup archives unpack
2009-02-09 12:06:55 install libsdl-pango1 <none> 0.1.2-4
2009-02-09 12:06:55 status half-installed libsdl-pango1 0.1.2-4
2009-02-09 12:06:55 status unpacked libsdl-pango1 0.1.2-4
2009-02-09 12:06:55 status unpacked libsdl-pango1 0.1.2-4
2009-02-09 12:06:55 startup packages configure
2009-02-09 12:06:55 configure libsdl-pango1 0.1.2-4 0.1.2-4
2009-02-09 12:06:55 status unpacked libsdl-pango1 0.1.2-4
2009-02-09 12:06:55 status half-configured libsdl-pango1 0.1.2-4
2009-02-09 12:06:55 status installed libsdl-pango1 0.1.2-4
2009-02-09 12:07:10 startup archives install
2009-02-09 12:07:10 install gimp-painter <none> 2.6.4
2009-02-09 12:07:10 status half-installed gimp-painter 2.6.4
2009-02-09 12:07:11 status unpacked gimp-painter 2.6.4
2009-02-09 12:07:11 status unpacked gimp-painter 2.6.4
2009-02-09 12:07:11 configure gimp-painter 2.6.4 2.6.4
2009-02-09 12:07:11 status unpacked gimp-painter 2.6.4
2009-02-09 12:07:11 status half-configured gimp-painter 2.6.4
2009-02-09 12:07:11 status installed gimp-painter 2.6.4
2009-02-09 13:11:31 startup archives install
2009-02-09 13:11:31 upgrade blender 2.48a 2.48a
2009-02-09 13:11:31 status half-configured blender 2.48a
2009-02-09 13:11:31 status unpacked blender 2.48a
2009-02-09 13:11:31 status half-installed blender 2.48a
2009-02-09 13:11:32 status half-installed blender 2.48a
2009-02-09 13:11:32 status unpacked blender 2.48a
2009-02-09 13:11:32 status unpacked blender 2.48a
2009-02-09 13:11:48 startup archives unpack
2009-02-09 13:11:48 install libopenal1 <none> 1:1.4.272-2
2009-02-09 13:11:48 status half-installed libopenal1 1:1.4.272-2
2009-02-09 13:11:48 status unpacked libopenal1 1:1.4.272-2
2009-02-09 13:11:48 status unpacked libopenal1 1:1.4.272-2
2009-02-09 13:11:49 startup packages configure
2009-02-09 13:11:49 configure libopenal1 1:1.4.272-2 1:1.4.272-2
2009-02-09 13:11:49 status unpacked libopenal1 1:1.4.272-2
2009-02-09 13:11:49 status unpacked libopenal1 1:1.4.272-2
2009-02-09 13:11:49 status half-configured libopenal1 1:1.4.272-2
2009-02-09 13:11:49 status installed libopenal1 1:1.4.272-2
2009-02-09 13:11:49 configure blender 2.48a 2.48a
2009-02-09 13:11:49 status unpacked blender 2.48a
2009-02-09 13:11:49 status half-configured blender 2.48a
2009-02-09 13:11:49 status installed blender 2.48a
2009-02-10 07:38:16 startup archives unpack
2009-02-10 07:38:16 install libsensors4 <none> 1:3.0.2-1+b2
2009-02-10 07:38:16 status half-installed libsensors4 1:3.0.2-1+b2
2009-02-10 07:38:16 status unpacked libsensors4 1:3.0.2-1+b2
2009-02-10 07:38:16 status unpacked libsensors4 1:3.0.2-1+b2
2009-02-10 07:38:16 install lm-sensors <none> 1:3.0.2-1+b2
2009-02-10 07:38:16 status half-installed lm-sensors 1:3.0.2-1+b2
2009-02-10 07:38:16 status triggers-pending man-db 2.5.2-2
2009-02-10 07:38:17 status half-installed lm-sensors 1:3.0.2-1+b2
2009-02-10 07:38:17 status unpacked lm-sensors 1:3.0.2-1+b2
2009-02-10 07:38:17 status unpacked lm-sensors 1:3.0.2-1+b2
2009-02-10 07:38:17 trigproc man-db 2.5.2-2 2.5.2-2
2009-02-10 07:38:17 status half-configured man-db 2.5.2-2
2009-02-10 07:38:17 status installed man-db 2.5.2-2
2009-02-10 07:38:17 startup packages configure
2009-02-10 07:38:17 configure libsensors4 1:3.0.2-1+b2 1:3.0.2-1+b2
2009-02-10 07:38:17 status unpacked libsensors4 1:3.0.2-1+b2
2009-02-10 07:38:17 status half-configured libsensors4 1:3.0.2-1+b2
2009-02-10 07:38:18 status installed libsensors4 1:3.0.2-1+b2
2009-02-10 07:38:18 configure lm-sensors 1:3.0.2-1+b2 1:3.0.2-1+b2
2009-02-10 07:38:18 status unpacked lm-sensors 1:3.0.2-1+b2
2009-02-10 07:38:18 status unpacked lm-sensors 1:3.0.2-1+b2
2009-02-10 07:38:18 status unpacked lm-sensors 1:3.0.2-1+b2
2009-02-10 07:38:18 status unpacked lm-sensors 1:3.0.2-1+b2
2009-02-10 07:38:18 status half-configured lm-sensors 1:3.0.2-1+b2
2009-02-10 07:38:19 status installed lm-sensors 1:3.0.2-1+b2
2009-02-10 11:47:47 startup archives install
2009-02-10 11:47:52 upgrade libbabl 0.0.22 0.0.22
2009-02-10 11:47:52 status half-configured libbabl 0.0.22
2009-02-10 11:47:52 status unpacked libbabl 0.0.22
2009-02-10 11:47:52 status half-installed libbabl 0.0.22
2009-02-10 11:47:52 status half-installed libbabl 0.0.22
2009-02-10 11:47:52 status unpacked libbabl 0.0.22
2009-02-10 11:47:52 status unpacked libbabl 0.0.22
2009-02-10 11:47:53 configure libbabl 0.0.22 0.0.22
2009-02-10 11:47:53 status unpacked libbabl 0.0.22
2009-02-10 11:47:53 status half-configured libbabl 0.0.22
2009-02-10 11:47:53 status installed libbabl 0.0.22
2009-02-10 11:48:05 startup archives install
2009-02-10 11:48:05 upgrade libgegl 0.0.22 0.0.22
2009-02-10 11:48:05 status half-configured libgegl 0.0.22
2009-02-10 11:48:05 status unpacked libgegl 0.0.22
2009-02-10 11:48:05 status half-installed libgegl 0.0.22
2009-02-10 11:48:06 status half-installed libgegl 0.0.22
2009-02-10 11:48:06 status unpacked libgegl 0.0.22
2009-02-10 11:48:07 status unpacked libgegl 0.0.22
2009-02-10 11:48:07 configure libgegl 0.0.22 0.0.22
2009-02-10 11:48:07 status unpacked libgegl 0.0.22
2009-02-10 11:48:07 status half-configured libgegl 0.0.22
2009-02-10 11:48:07 status installed libgegl 0.0.22
2009-02-10 11:48:22 startup archives install
2009-02-10 11:48:22 upgrade gimp-painter 2.6.4 2.6.4
2009-02-10 11:48:22 status half-configured gimp-painter 2.6.4
2009-02-10 11:48:22 status unpacked gimp-painter 2.6.4
2009-02-10 11:48:22 status half-installed gimp-painter 2.6.4
2009-02-10 11:48:23 status half-installed gimp-painter 2.6.4
2009-02-10 11:48:23 status unpacked gimp-painter 2.6.4
2009-02-10 11:48:23 status unpacked gimp-painter 2.6.4
2009-02-10 11:48:23 configure gimp-painter 2.6.4 2.6.4
2009-02-10 11:48:23 status unpacked gimp-painter 2.6.4
2009-02-10 11:48:23 status half-configured gimp-painter 2.6.4
2009-02-10 11:48:23 status installed gimp-painter 2.6.4
2009-02-10 12:11:25 startup archives install
2009-02-10 12:11:25 upgrade gimp-painter 2.6.4 2.6.4
2009-02-10 12:11:25 status half-configured gimp-painter 2.6.4
2009-02-10 12:11:25 status unpacked gimp-painter 2.6.4
2009-02-10 12:11:25 status half-installed gimp-painter 2.6.4
2009-02-10 12:11:31 status triggers-pending man-db 2.5.2-2
2009-02-10 12:11:31 status half-installed gimp-painter 2.6.4
2009-02-10 12:11:34 status half-installed gimp-painter 2.6.4
2009-02-10 12:11:34 status unpacked gimp-painter 2.6.4
2009-02-10 12:11:34 status unpacked gimp-painter 2.6.4
2009-02-10 12:11:34 configure gimp-painter 2.6.4 2.6.4
2009-02-10 12:11:34 status unpacked gimp-painter 2.6.4
2009-02-10 12:11:34 status half-configured gimp-painter 2.6.4
2009-02-10 12:11:34 status triggers-awaited gimp-painter 2.6.4
2009-02-10 12:11:34 trigproc man-db 2.5.2-2 2.5.2-2
2009-02-10 12:11:34 status half-configured man-db 2.5.2-2
2009-02-10 12:11:34 status installed gimp-painter 2.6.4
2009-02-10 12:11:35 status installed man-db 2.5.2-2
2009-02-10 12:12:19 startup packages remove
2009-02-10 12:12:19 status installed gimp-painter 2.6.4
2009-02-10 12:12:19 remove gimp-painter 2.6.4 2.6.4
2009-02-10 12:12:19 status half-configured gimp-painter 2.6.4
2009-02-10 12:12:19 status half-installed gimp-painter 2.6.4
2009-02-10 12:12:20 status triggers-pending man-db 2.5.2-2
2009-02-10 12:12:20 status half-installed gimp-painter 2.6.4
2009-02-10 12:12:23 status config-files gimp-painter 2.6.4
2009-02-10 12:12:23 status config-files gimp-painter 2.6.4
2009-02-10 12:12:23 status config-files gimp-painter 2.6.4
2009-02-10 12:12:23 status config-files gimp-painter 2.6.4
2009-02-10 12:12:23 status config-files gimp-painter 2.6.4
2009-02-10 12:12:23 status not-installed gimp-painter <none>
2009-02-10 12:12:23 trigproc man-db 2.5.2-2 2.5.2-2
2009-02-10 12:12:23 status half-configured man-db 2.5.2-2
2009-02-10 12:12:24 status installed man-db 2.5.2-2
2009-02-10 12:12:49 startup packages remove
2009-02-10 12:12:49 status installed gimp 2.4.6-1
2009-02-10 12:12:56 startup packages remove
2009-02-10 12:12:56 status installed gimp-gap 2.4.0-2
2009-02-10 12:12:56 remove gimp-gap 2.4.0-2 2.4.0-2
2009-02-10 12:12:56 status half-configured gimp-gap 2.4.0-2
2009-02-10 12:12:56 status half-installed gimp-gap 2.4.0-2
2009-02-10 12:12:56 status config-files gimp-gap 2.4.0-2
2009-02-10 12:12:56 status config-files gimp-gap 2.4.0-2
2009-02-10 12:12:56 status config-files gimp-gap 2.4.0-2
2009-02-10 12:12:56 status not-installed gimp-gap <none>
2009-02-10 12:13:00 startup packages remove
2009-02-10 12:13:00 status installed gimp 2.4.6-1
2009-02-10 12:13:00 remove gimp 2.4.6-1 2.4.6-1
2009-02-10 12:13:00 status half-configured gimp 2.4.6-1
2009-02-10 12:13:00 status half-installed gimp 2.4.6-1
2009-02-10 12:13:00 status triggers-pending man-db 2.5.2-2
2009-02-10 12:13:00 status half-installed gimp 2.4.6-1
2009-02-10 12:13:00 status triggers-pending menu 2.1.40
2009-02-10 12:13:00 status half-installed gimp 2.4.6-1
2009-02-10 12:13:01 status triggers-awaited menu 2.1.40
2009-02-10 12:13:01 status config-files gimp 2.4.6-1
2009-02-10 12:13:01 status config-files gimp 2.4.6-1
2009-02-10 12:13:01 trigproc man-db 2.5.2-2 2.5.2-2
2009-02-10 12:13:01 status half-configured man-db 2.5.2-2
2009-02-10 12:13:01 status installed man-db 2.5.2-2
2009-02-10 12:13:01 trigproc menu 2.1.40 2.1.40
2009-02-10 12:13:01 status half-configured menu 2.1.40
2009-02-10 12:13:02 status installed menu 2.1.40
2009-02-10 12:15:32 startup packages remove
2009-02-10 12:15:32 status installed gimp-data 2.4.6-1
2009-02-10 12:15:32 remove gimp-data 2.4.6-1 2.4.6-1
2009-02-10 12:15:32 status half-configured gimp-data 2.4.6-1
2009-02-10 12:15:32 status half-installed gimp-data 2.4.6-1
2009-02-10 12:15:32 status triggers-pending man-db 2.5.2-2
2009-02-10 12:15:32 status half-installed gimp-data 2.4.6-1
2009-02-10 12:15:32 status config-files gimp-data 2.4.6-1
2009-02-10 12:15:32 status config-files gimp-data 2.4.6-1
2009-02-10 12:15:32 trigproc man-db 2.5.2-2 2.5.2-2
2009-02-10 12:15:32 status half-configured man-db 2.5.2-2
2009-02-10 12:15:32 status installed man-db 2.5.2-2
2009-02-10 12:15:43 startup packages remove
2009-02-10 12:15:43 status installed libgimp2.0 2.4.6-1
2009-02-10 12:15:43 remove libgimp2.0 2.4.6-1 2.4.6-1
2009-02-10 12:15:43 status half-configured libgimp2.0 2.4.6-1
2009-02-10 12:15:43 status half-installed libgimp2.0 2.4.6-1
2009-02-10 12:15:43 status config-files libgimp2.0 2.4.6-1
2009-02-10 12:15:43 status config-files libgimp2.0 2.4.6-1
2009-02-10 12:16:58 startup packages remove
2009-02-10 12:17:11 startup packages remove
2009-02-10 12:17:18 startup packages purge
2009-02-10 12:17:25 startup packages purge
2009-02-10 12:17:25 status config-files gimp 2.4.6-1
2009-02-10 12:17:25 remove gimp 2.4.6-1 2.4.6-1
2009-02-10 12:17:25 purge gimp 2.4.6-1 2.4.6-1
2009-02-10 12:17:25 status config-files gimp 2.4.6-1
2009-02-10 12:17:25 status config-files gimp 2.4.6-1
2009-02-10 12:17:25 status config-files gimp 2.4.6-1
2009-02-10 12:17:25 status triggers-pending menu 2.1.40
2009-02-10 12:17:25 status triggers-awaited menu 2.1.40
2009-02-10 12:17:25 status config-files gimp 2.4.6-1
2009-02-10 12:17:25 status config-files gimp 2.4.6-1
2009-02-10 12:17:25 status not-installed gimp <none>
2009-02-10 12:17:25 trigproc menu 2.1.40 2.1.40
2009-02-10 12:17:25 status half-configured menu 2.1.40
2009-02-10 12:17:25 status installed menu 2.1.40
2009-02-10 12:17:33 startup packages purge
2009-02-10 12:17:33 status config-files gimp-data 2.4.6-1
2009-02-10 12:17:33 remove gimp-data 2.4.6-1 2.4.6-1
2009-02-10 12:17:33 purge gimp-data 2.4.6-1 2.4.6-1
2009-02-10 12:17:33 status config-files gimp-data 2.4.6-1
2009-02-10 12:17:33 status config-files gimp-data 2.4.6-1
2009-02-10 12:17:33 status config-files gimp-data 2.4.6-1
2009-02-10 12:17:33 status config-files gimp-data 2.4.6-1
2009-02-10 12:17:33 status config-files gimp-data 2.4.6-1
2009-02-10 12:17:33 status not-installed gimp-data <none>
2009-02-10 12:17:41 startup packages purge
2009-02-10 12:17:41 status config-files libgimp2.0 2.4.6-1
2009-02-10 12:17:41 remove libgimp2.0 2.4.6-1 2.4.6-1
2009-02-10 12:17:41 purge libgimp2.0 2.4.6-1 2.4.6-1
2009-02-10 12:17:41 status config-files libgimp2.0 2.4.6-1
2009-02-10 12:17:41 status config-files libgimp2.0 2.4.6-1
2009-02-10 12:17:42 status config-files libgimp2.0 2.4.6-1
2009-02-10 12:17:42 status config-files libgimp2.0 2.4.6-1
2009-02-10 12:17:42 status config-files libgimp2.0 2.4.6-1
2009-02-10 12:17:42 status not-installed libgimp2.0 <none>
2009-02-10 12:17:49 startup archives install
2009-02-10 12:17:49 install gimp-painter <none> 2.6.4
2009-02-10 12:17:49 status half-installed gimp-painter 2.6.4
2009-02-10 12:17:54 status triggers-pending man-db 2.5.2-2
2009-02-10 12:17:54 status half-installed gimp-painter 2.6.4
2009-02-10 12:17:56 status unpacked gimp-painter 2.6.4
2009-02-10 12:17:56 status unpacked gimp-painter 2.6.4
2009-02-10 12:17:56 configure gimp-painter 2.6.4 2.6.4
2009-02-10 12:17:56 status unpacked gimp-painter 2.6.4
2009-02-10 12:17:56 status half-configured gimp-painter 2.6.4
2009-02-10 12:17:56 status triggers-awaited gimp-painter 2.6.4
2009-02-10 12:17:56 trigproc man-db 2.5.2-2 2.5.2-2
2009-02-10 12:17:56 status half-configured man-db 2.5.2-2
2009-02-10 12:17:56 status installed gimp-painter 2.6.4
2009-02-10 12:17:56 status installed man-db 2.5.2-2
2009-02-10 12:18:31 startup archives install
2009-02-10 12:18:31 install handbrake <none> 0.9.3
2009-02-10 12:18:31 status half-installed handbrake 0.9.3
2009-02-10 12:18:32 status unpacked handbrake 0.9.3
2009-02-10 12:18:32 status unpacked handbrake 0.9.3
2009-02-10 12:19:07 startup archives unpack
2009-02-10 12:19:07 install libgtkhtml3.14-19 <none> 3.18.3-1
2009-02-10 12:19:07 status half-installed libgtkhtml3.14-19 3.18.3-1
2009-02-10 12:19:08 status unpacked libgtkhtml3.14-19 3.18.3-1
2009-02-10 12:19:08 status unpacked libgtkhtml3.14-19 3.18.3-1
2009-02-10 12:19:08 startup packages configure
2009-02-10 12:19:08 configure libgtkhtml3.14-19 3.18.3-1 3.18.3-1
2009-02-10 12:19:08 status unpacked libgtkhtml3.14-19 3.18.3-1
2009-02-10 12:19:08 status half-configured libgtkhtml3.14-19 3.18.3-1
2009-02-10 12:19:08 status installed libgtkhtml3.14-19 3.18.3-1
2009-02-10 12:19:08 configure handbrake 0.9.3 0.9.3
2009-02-10 12:19:08 status unpacked handbrake 0.9.3
2009-02-10 12:19:08 status half-configured handbrake 0.9.3
2009-02-10 12:19:08 status installed handbrake 0.9.3
2009-02-10 12:34:56 startup archives install
2009-02-10 12:34:56 upgrade makehuman 0.9.1-rc1a 0.9.1-rc1a
2009-02-10 12:34:56 status half-configured makehuman 0.9.1-rc1a
2009-02-10 12:34:56 status unpacked makehuman 0.9.1-rc1a
2009-02-10 12:34:56 status half-installed makehuman 0.9.1-rc1a
2009-02-10 12:35:10 status half-installed makehuman 0.9.1-rc1a
2009-02-10 12:35:10 status unpacked makehuman 0.9.1-rc1a
2009-02-10 12:35:15 status unpacked makehuman 0.9.1-rc1a
2009-02-10 12:35:15 configure makehuman 0.9.1-rc1a 0.9.1-rc1a
2009-02-10 12:35:15 status unpacked makehuman 0.9.1-rc1a
2009-02-10 12:35:15 status half-configured makehuman 0.9.1-rc1a
2009-02-10 12:35:16 status installed makehuman 0.9.1-rc1a
2009-02-17 09:15:55 startup archives install
2009-02-17 09:16:00 upgrade handbrake 0.9.3 0.9.3-1
2009-02-17 09:16:00 status half-configured handbrake 0.9.3
2009-02-17 09:16:00 status unpacked handbrake 0.9.3
2009-02-17 09:16:00 status half-installed handbrake 0.9.3
2009-02-17 09:16:00 status half-installed handbrake 0.9.3
2009-02-17 09:16:00 status unpacked handbrake 0.9.3-1
2009-02-17 09:16:00 status unpacked handbrake 0.9.3-1
2009-02-25 08:16:06 startup archives install
2009-02-25 08:16:10 upgrade ffmpeg 20080715svn 0.4.9-pre1
2009-02-25 08:16:10 status half-configured ffmpeg 20080715svn
2009-02-25 08:16:10 status unpacked ffmpeg 20080715svn
2009-02-25 08:16:10 status half-installed ffmpeg 20080715svn
2009-02-25 08:16:11 status half-installed ffmpeg 20080715svn
2009-02-25 08:16:11 status unpacked ffmpeg 0.4.9-pre1
2009-02-25 08:16:11 status unpacked ffmpeg 0.4.9-pre1
2009-02-25 08:16:11 configure ffmpeg 0.4.9-pre1 0.4.9-pre1
2009-02-25 08:16:11 status unpacked ffmpeg 0.4.9-pre1
2009-02-25 08:16:11 status half-configured ffmpeg 0.4.9-pre1
2009-02-25 08:16:11 status installed ffmpeg 0.4.9-pre1
2009-02-25 11:12:21 startup archives install
2009-02-25 11:12:25 upgrade ffmpeg 0.4.9-pre1 0.4.9-pre1
2009-02-25 11:12:25 status half-configured ffmpeg 0.4.9-pre1
2009-02-25 11:12:26 status unpacked ffmpeg 0.4.9-pre1
2009-02-25 11:12:26 status half-installed ffmpeg 0.4.9-pre1
2009-02-25 11:12:26 status half-installed ffmpeg 0.4.9-pre1
2009-02-25 11:12:27 status unpacked ffmpeg 0.4.9-pre1
2009-02-25 11:12:27 status unpacked ffmpeg 0.4.9-pre1
2009-02-25 11:12:27 configure ffmpeg 0.4.9-pre1 0.4.9-pre1
2009-02-25 11:12:27 status unpacked ffmpeg 0.4.9-pre1
2009-02-25 11:12:27 status half-configured ffmpeg 0.4.9-pre1
2009-02-25 11:12:27 status installed ffmpeg 0.4.9-pre1
2009-02-25 13:36:52 startup archives install
2009-02-25 13:36:57 upgrade iceweasel 3.0.1-1 3.0.6-1
2009-02-25 13:36:57 status half-configured iceweasel 3.0.1-1
2009-02-25 13:36:57 status unpacked iceweasel 3.0.1-1
2009-02-25 13:36:57 status half-installed iceweasel 3.0.1-1
2009-02-25 13:36:58 status triggers-pending menu 2.1.40
2009-02-25 13:36:58 status half-installed iceweasel 3.0.1-1
2009-02-25 13:36:59 status triggers-pending man-db 2.5.2-2
2009-02-25 13:36:59 status half-installed iceweasel 3.0.1-1
2009-02-25 13:36:59 status half-installed iceweasel 3.0.1-1
2009-02-25 13:37:00 status triggers-awaited menu 2.1.40
2009-02-25 13:37:00 status unpacked iceweasel 3.0.6-1
2009-02-25 13:37:00 status unpacked iceweasel 3.0.6-1
2009-02-25 13:37:00 trigproc menu 2.1.40 2.1.40
2009-02-25 13:37:00 status half-configured menu 2.1.40
2009-02-25 13:37:02 status installed menu 2.1.40
2009-02-25 13:37:02 trigproc man-db 2.5.2-2 2.5.2-2
2009-02-25 13:37:02 status half-configured man-db 2.5.2-2
2009-02-25 13:37:02 status installed man-db 2.5.2-2
2009-02-26 11:58:14 startup archives install
2009-02-26 11:58:14 upgrade xulrunner-1.9 1.9.0.1-1 1.9.0.6-1
2009-02-26 11:58:14 status half-configured xulrunner-1.9 1.9.0.1-1
2009-02-26 11:58:14 status unpacked xulrunner-1.9 1.9.0.1-1
2009-02-26 11:58:14 status half-installed xulrunner-1.9 1.9.0.1-1
2009-02-26 11:58:16 status half-installed xulrunner-1.9 1.9.0.1-1
2009-02-26 11:58:16 status unpacked xulrunner-1.9 1.9.0.6-1
2009-02-26 11:58:16 status unpacked xulrunner-1.9 1.9.0.6-1
2009-02-26 11:58:16 configure xulrunner-1.9 1.9.0.6-1 1.9.0.6-1
2009-02-26 11:58:16 status unpacked xulrunner-1.9 1.9.0.6-1
2009-02-26 11:58:16 status unpacked xulrunner-1.9 1.9.0.6-1
2009-02-26 11:58:16 status half-configured xulrunner-1.9 1.9.0.6-1
2009-02-26 11:58:18 status installed xulrunner-1.9 1.9.0.6-1
2009-02-26 11:58:28 startup archives install
2009-02-26 11:58:28 upgrade iceweasel 3.0.6-1 3.0.6-1
2009-02-26 11:58:28 status half-installed iceweasel 3.0.6-1
2009-02-26 11:58:29 status triggers-pending menu 2.1.40
2009-02-26 11:58:29 status half-installed iceweasel 3.0.6-1
2009-02-26 11:58:29 status triggers-pending man-db 2.5.2-2
2009-02-26 11:58:29 status half-installed iceweasel 3.0.6-1
2009-02-26 11:58:29 status half-installed iceweasel 3.0.6-1
2009-02-26 11:58:29 status triggers-awaited menu 2.1.40
2009-02-26 11:58:29 status unpacked iceweasel 3.0.6-1
2009-02-26 11:58:29 status unpacked iceweasel 3.0.6-1
2009-02-26 11:58:29 configure iceweasel 3.0.6-1 3.0.6-1
2009-02-26 11:58:29 status unpacked iceweasel 3.0.6-1
2009-02-26 11:58:29 status unpacked iceweasel 3.0.6-1
2009-02-26 11:58:29 status unpacked iceweasel 3.0.6-1
2009-02-26 11:58:29 status unpacked iceweasel 3.0.6-1
2009-02-26 11:58:29 status unpacked iceweasel 3.0.6-1
2009-02-26 11:58:29 status unpacked iceweasel 3.0.6-1
2009-02-26 11:58:29 status unpacked iceweasel 3.0.6-1
2009-02-26 11:58:29 status unpacked iceweasel 3.0.6-1
2009-02-26 11:58:30 status unpacked iceweasel 3.0.6-1
2009-02-26 11:58:30 status half-configured iceweasel 3.0.6-1
2009-02-26 11:58:30 status triggers-awaited iceweasel 3.0.6-1
2009-02-26 11:58:30 trigproc menu 2.1.40 2.1.40
2009-02-26 11:58:30 status half-configured menu 2.1.40
2009-02-26 11:58:31 status installed menu 2.1.40
2009-02-26 11:58:31 trigproc man-db 2.5.2-2 2.5.2-2
2009-02-26 11:58:31 status half-configured man-db 2.5.2-2
2009-02-26 11:58:31 status installed iceweasel 3.0.6-1
2009-02-26 11:58:31 status installed man-db 2.5.2-2
2009-03-02 15:47:57 startup archives install
2009-03-02 15:47:57 upgrade handbrake 0.9.3-1 0.9.3-1
2009-03-02 15:47:57 status half-installed handbrake 0.9.3-1
2009-03-02 15:47:58 status half-installed handbrake 0.9.3-1
2009-03-02 15:47:58 status unpacked handbrake 0.9.3-1
2009-03-02 15:47:58 status unpacked handbrake 0.9.3-1
2009-03-02 16:07:42 startup archives install
2009-03-02 16:07:42 upgrade handbrake 0.9.3-1 0.9.3-1
2009-03-02 16:07:42 status half-installed handbrake 0.9.3-1
2009-03-02 16:07:42 status half-installed handbrake 0.9.3-1
2009-03-02 16:07:42 status unpacked handbrake 0.9.3-1
2009-03-02 16:07:42 status unpacked handbrake 0.9.3-1
2009-03-02 16:25:17 startup archives install
2009-03-02 16:25:17 upgrade handbrake 0.9.3-1 0.9.3-1
2009-03-02 16:25:17 status half-installed handbrake 0.9.3-1
2009-03-02 16:25:18 status half-installed handbrake 0.9.3-1
2009-03-02 16:25:18 status unpacked handbrake 0.9.3-1
2009-03-02 16:25:18 status unpacked handbrake 0.9.3-1
2009-03-05 12:16:30 startup archives install
2009-03-05 12:19:45 startup archives install
2009-03-05 12:19:49 install madwifi-utils <none> 0.9.4
2009-03-05 12:19:49 status half-installed madwifi-utils 0.9.4
2009-03-05 12:19:49 status unpacked madwifi-utils 0.9.4
2009-03-05 12:19:49 status unpacked madwifi-utils 0.9.4
2009-03-05 12:19:49 configure madwifi-utils 0.9.4 0.9.4
2009-03-05 12:19:49 status unpacked madwifi-utils 0.9.4
2009-03-05 12:19:49 status half-configured madwifi-utils 0.9.4
2009-03-05 12:19:49 status installed madwifi-utils 0.9.4
2009-03-11 09:20:56 startup packages remove
2009-03-11 09:20:56 status installed makehuman 0.9.1-rc1a
2009-03-11 09:21:01 remove makehuman 0.9.1-rc1a 0.9.1-rc1a
2009-03-11 09:21:01 status half-configured makehuman 0.9.1-rc1a
2009-03-11 09:21:01 status half-installed makehuman 0.9.1-rc1a
2009-03-11 09:21:07 status config-files makehuman 0.9.1-rc1a
2009-03-11 09:21:07 status config-files makehuman 0.9.1-rc1a
2009-03-11 09:21:07 status config-files makehuman 0.9.1-rc1a
2009-03-11 09:21:07 status not-installed makehuman <none>
2009-03-11 09:21:29 startup archives install
2009-03-11 09:21:29 install animorph <none> 1.0.0-prealfa0
2009-03-11 09:21:29 status half-installed animorph 1.0.0-prealfa0
2009-03-11 09:21:29 status unpacked animorph 1.0.0-prealfa0
2009-03-11 09:21:29 status unpacked animorph 1.0.0-prealfa0
2009-03-11 09:21:29 install libgen3d <none> 1.0.0-prealfa0
2009-03-11 09:21:29 status half-installed libgen3d 1.0.0-prealfa0
2009-03-11 09:21:29 status unpacked libgen3d 1.0.0-prealfa0
2009-03-11 09:21:29 status unpacked libgen3d 1.0.0-prealfa0
2009-03-11 09:21:29 install makehuman <none> 1.0.0-prealfa0
2009-03-11 09:21:29 status half-installed makehuman 1.0.0-prealfa0
2009-03-11 09:21:36 status unpacked makehuman 1.0.0-prealfa0
2009-03-11 09:21:36 status unpacked makehuman 1.0.0-prealfa0
2009-03-11 09:21:36 install mhgui <none> 1.0.0-prealfa0
2009-03-11 09:21:36 status half-installed mhgui 1.0.0-prealfa0
2009-03-11 09:21:37 status unpacked mhgui 1.0.0-prealfa0
2009-03-11 09:21:37 status unpacked mhgui 1.0.0-prealfa0
2009-03-11 09:21:37 configure animorph 1.0.0-prealfa0 1.0.0-prealfa0
2009-03-11 09:21:37 status unpacked animorph 1.0.0-prealfa0
2009-03-11 09:21:37 status half-configured animorph 1.0.0-prealfa0
2009-03-11 09:21:37 status installed animorph 1.0.0-prealfa0
2009-03-11 09:21:37 configure libgen3d 1.0.0-prealfa0 1.0.0-prealfa0
2009-03-11 09:21:37 status unpacked libgen3d 1.0.0-prealfa0
2009-03-11 09:21:37 status half-configured libgen3d 1.0.0-prealfa0
2009-03-11 09:21:37 status installed libgen3d 1.0.0-prealfa0
2009-03-11 09:21:37 configure makehuman 1.0.0-prealfa0 1.0.0-prealfa0
2009-03-11 09:21:37 status unpacked makehuman 1.0.0-prealfa0
2009-03-11 09:21:37 status half-configured makehuman 1.0.0-prealfa0
2009-03-11 09:21:37 status installed makehuman 1.0.0-prealfa0
2009-03-11 09:21:37 configure mhgui 1.0.0-prealfa0 1.0.0-prealfa0
2009-03-11 09:21:37 status unpacked mhgui 1.0.0-prealfa0
2009-03-11 09:21:37 status half-configured mhgui 1.0.0-prealfa0
2009-03-11 09:21:37 status installed mhgui 1.0.0-prealfa0
2009-03-11 12:32:48 startup archives install
2009-03-11 12:32:53 upgrade handbrake 0.9.3-1 0.9.3
2009-03-11 12:32:53 status half-installed handbrake 0.9.3-1
2009-03-11 12:32:53 status half-installed handbrake 0.9.3-1
2009-03-11 12:32:53 status unpacked handbrake 0.9.3
2009-03-11 12:32:54 status unpacked handbrake 0.9.3
2009-03-11 12:32:54 configure handbrake 0.9.3 0.9.3
2009-03-11 12:32:54 status unpacked handbrake 0.9.3
2009-03-11 12:32:54 status half-configured handbrake 0.9.3
2009-03-11 12:32:54 status installed handbrake 0.9.3
2009-03-19 13:00:07 startup packages purge
2009-03-19 13:00:07 status installed nspluginwrapper 0.9.91.5-2
2009-03-19 13:00:11 remove nspluginwrapper 0.9.91.5-2 0.9.91.5-2
2009-03-19 13:00:11 status half-configured nspluginwrapper 0.9.91.5-2
2009-03-19 13:00:11 status half-installed nspluginwrapper 0.9.91.5-2
2009-03-19 13:00:11 status triggers-pending man-db 2.5.2-2
2009-03-19 13:00:11 status half-installed nspluginwrapper 0.9.91.5-2
2009-03-19 13:00:11 status config-files nspluginwrapper 0.9.91.5-2
2009-03-19 13:00:11 status config-files nspluginwrapper 0.9.91.5-2
2009-03-19 13:00:11 status config-files nspluginwrapper 0.9.91.5-2
2009-03-19 13:00:11 status config-files nspluginwrapper 0.9.91.5-2
2009-03-19 13:00:11 status config-files nspluginwrapper 0.9.91.5-2
2009-03-19 13:00:11 status not-installed nspluginwrapper <none>
2009-03-19 13:00:11 trigproc man-db 2.5.2-2 2.5.2-2
2009-03-19 13:00:11 status half-configured man-db 2.5.2-2
2009-03-19 13:00:12 status installed man-db 2.5.2-2
2009-03-21 12:35:43 startup archives install
2009-03-21 12:35:50 install live-initramfs <none> 1.156.1-1
2009-03-21 12:35:51 status triggers-pending initramfs-tools 0.92g
2009-03-21 12:35:51 status not-installed live-initramfs <none>
2009-03-21 12:35:51 status half-installed live-initramfs 1.156.1-1
2009-03-21 12:35:51 status triggers-pending man-db 2.5.2-2
2009-03-21 12:35:51 status half-installed live-initramfs 1.156.1-1
2009-03-21 12:35:52 status unpacked live-initramfs 1.156.1-1
2009-03-21 12:35:52 status unpacked live-initramfs 1.156.1-1
2009-03-21 12:35:52 configure live-initramfs 1.156.1-1 1.156.1-1
2009-03-21 12:35:52 status unpacked live-initramfs 1.156.1-1
2009-03-21 12:35:52 status unpacked live-initramfs 1.156.1-1
2009-03-21 12:35:52 status unpacked live-initramfs 1.156.1-1
2009-03-21 12:35:52 status unpacked live-initramfs 1.156.1-1
2009-03-21 12:35:52 status half-configured live-initramfs 1.156.1-1
2009-03-21 12:36:07 status triggers-awaited live-initramfs 1.156.1-1
2009-03-21 12:36:07 trigproc initramfs-tools 0.92g 0.92g
2009-03-21 12:36:07 status half-configured initramfs-tools 0.92g
2009-03-21 12:36:07 status installed initramfs-tools 0.92g
2009-03-21 12:36:07 trigproc man-db 2.5.2-2 2.5.2-2
2009-03-21 12:36:07 status half-configured man-db 2.5.2-2
2009-03-21 12:36:07 status installed live-initramfs 1.156.1-1
2009-03-21 12:36:08 status installed man-db 2.5.2-2
2009-03-27 12:15:10 startup archives install
2009-03-27 12:15:14 upgrade dhcp3-server 3.1.1-3 3.1.1-6
2009-03-27 12:15:14 status half-configured dhcp3-server 3.1.1-3
2009-03-27 12:15:14 status unpacked dhcp3-server 3.1.1-3
2009-03-27 12:15:14 status half-installed dhcp3-server 3.1.1-3
2009-03-27 12:15:14 status triggers-pending man-db 2.5.2-2
2009-03-27 12:15:14 status half-installed dhcp3-server 3.1.1-3
2009-03-27 12:15:14 status half-installed dhcp3-server 3.1.1-3
2009-03-27 12:15:15 status unpacked dhcp3-server 3.1.1-6
2009-03-27 12:15:15 status unpacked dhcp3-server 3.1.1-6
2009-03-27 12:15:15 upgrade dhcp3-common 3.1.1-3 3.1.1-6
2009-03-27 12:15:15 status half-configured dhcp3-common 3.1.1-3
2009-03-27 12:15:15 status unpacked dhcp3-common 3.1.1-3
2009-03-27 12:15:15 status half-installed dhcp3-common 3.1.1-3
2009-03-27 12:15:15 status half-installed dhcp3-common 3.1.1-3
2009-03-27 12:15:15 status half-installed dhcp3-common 3.1.1-3
2009-03-27 12:15:15 status unpacked dhcp3-common 3.1.1-6
2009-03-27 12:15:15 status unpacked dhcp3-common 3.1.1-6
2009-03-27 12:15:15 configure dhcp3-common 3.1.1-6 3.1.1-6
2009-03-27 12:15:15 status unpacked dhcp3-common 3.1.1-6
2009-03-27 12:15:15 status half-configured dhcp3-common 3.1.1-6
2009-03-27 12:15:15 status triggers-awaited dhcp3-common 3.1.1-6
2009-03-27 12:15:15 trigproc man-db 2.5.2-2 2.5.2-2
2009-03-27 12:15:15 status half-configured man-db 2.5.2-2
2009-03-27 12:15:15 status installed dhcp3-common 3.1.1-6
2009-03-27 12:15:16 status installed man-db 2.5.2-2
2009-03-27 12:15:16 configure dhcp3-server 3.1.1-6 3.1.1-6
2009-03-27 12:15:16 status unpacked dhcp3-server 3.1.1-6
2009-03-27 12:15:16 status unpacked dhcp3-server 3.1.1-6
2009-03-27 12:15:16 status unpacked dhcp3-server 3.1.1-6
2009-03-27 12:15:16 status half-configured dhcp3-server 3.1.1-6
2009-03-27 12:15:20 status installed dhcp3-server 3.1.1-6
2009-04-07 13:54:57 startup archives install
2009-04-07 13:55:02 install libyaml-tiny-perl <none> 1.32-1
2009-04-07 13:55:02 status half-installed libyaml-tiny-perl 1.32-1
2009-04-07 13:55:02 status triggers-pending man-db 2.5.2-2
2009-04-07 13:55:03 status half-installed libyaml-tiny-perl 1.32-1
2009-04-07 13:55:03 status unpacked libyaml-tiny-perl 1.32-1
2009-04-07 13:55:03 status unpacked libyaml-tiny-perl 1.32-1
2009-04-07 13:55:03 configure libyaml-tiny-perl 1.32-1 1.32-1
2009-04-07 13:55:03 status unpacked libyaml-tiny-perl 1.32-1
2009-04-07 13:55:03 status half-configured libyaml-tiny-perl 1.32-1
2009-04-07 13:55:03 status triggers-awaited libyaml-tiny-perl 1.32-1
2009-04-07 13:55:03 trigproc man-db 2.5.2-2 2.5.2-2
2009-04-07 13:55:03 status half-configured man-db 2.5.2-2
2009-04-07 13:55:03 status installed libyaml-tiny-perl 1.32-1
2009-04-07 13:55:03 status installed man-db 2.5.2-2
