/usr/share/fonts: caching, new cache contents: 1 fonts, 3 dirs
/usr/share/fonts/X11: caching, new cache contents: 0 fonts, 6 dirs
/usr/share/fonts/X11/100dpi: caching, new cache contents: 358 fonts, 0 dirs
/usr/share/fonts/X11/75dpi: caching, new cache contents: 358 fonts, 0 dirs
/usr/share/fonts/X11/Type1: caching, new cache contents: 43 fonts, 0 dirs
/usr/share/fonts/X11/encodings: caching, new cache contents: 0 fonts, 1 dirs
/usr/share/fonts/X11/encodings/large: caching, new cache contents: 0 fonts, 0 dirs
/usr/share/fonts/X11/misc: caching, new cache contents: 59 fonts, 0 dirs
/usr/share/fonts/X11/util: caching, new cache contents: 0 fonts, 0 dirs
/usr/share/fonts/truetype: caching, new cache contents: 0 fonts, 4 dirs
/usr/share/fonts/truetype/aefonts: caching, new cache contents: 465 fonts, 0 dirs
/usr/share/fonts/truetype/liberation: caching, new cache contents: 12 fonts, 0 dirs
/usr/share/fonts/truetype/ttf-bitstream-vera: caching, new cache contents: 10 fonts, 0 dirs
/usr/share/fonts/truetype/ttf-dejavu: caching, new cache contents: 21 fonts, 0 dirs
/usr/share/fonts/type1: caching, new cache contents: 0 fonts, 1 dirs
/usr/share/fonts/type1/gsfonts: caching, new cache contents: 35 fonts, 0 dirs
/usr/X11R6/lib/X11/fonts: skipping, no such directory
/usr/local/share/fonts: caching, new cache contents: 0 fonts, 0 dirs
/var/cache/fontconfig: cleaning cache directory
fc-cache: succeeded
